c:\users\86150\desktop\陈羿超作业\x64\debug\vc142.pdb
c:\users\86150\desktop\陈羿超作业\x64\debug\vc142.idb
c:\users\86150\desktop\陈羿超作业\x64\debug\roleplaygame.obj
c:\users\86150\desktop\陈羿超作业\x64\debug\rolebase.obj
c:\users\86150\desktop\陈羿超作业\x64\debug\plselect.obj
c:\users\86150\desktop\陈羿超作业\x64\debug\player.obj
c:\users\86150\desktop\陈羿超作业\x64\debug\npcmgr.obj
c:\users\86150\desktop\陈羿超作业\x64\debug\npc.obj
c:\users\86150\desktop\陈羿超作业\x64\debug\monstermgr.obj
c:\users\86150\desktop\陈羿超作业\x64\debug\monster.obj
c:\users\86150\desktop\陈羿超作业\x64\debug\messagemgr.obj
c:\users\86150\desktop\陈羿超作业\x64\debug\menuset.obj
c:\users\86150\desktop\陈羿超作业\x64\debug\item.obj
c:\users\86150\desktop\陈羿超作业\x64\debug\gamemgr.obj
c:\users\86150\desktop\陈羿超作业\x64\debug\gamemenu.obj
c:\users\86150\desktop\陈羿超作业\x64\debug\gamemap.obj
c:\users\86150\desktop\陈羿超作业\x64\debug\datastruct.obj
c:\users\86150\desktop\陈羿超作业\x64\debug\datamgr.obj
c:\users\86150\desktop\陈羿超作业\x64\debug\equip.obj
c:\users\86150\desktop\陈羿超作业\x64\debug\database.obj
c:\users\86150\desktop\陈羿超作业\x64\debug\battle.obj
c:\users\86150\desktop\陈羿超作业\x64\debug\bag.obj
c:\users\86150\desktop\陈羿超作业\x64\debug\wndbase.obj
c:\users\86150\desktop\陈羿超作业\x64\debug\vec2.obj
c:\users\86150\desktop\陈羿超作业\x64\debug\shop.obj
c:\users\86150\desktop\陈羿超作业\x64\debug\roleplayergame.exe
c:\users\86150\desktop\陈羿超作业\x64\debug\roleplayergame.ilk
c:\users\86150\desktop\陈羿超作业\x64\debug\roleplayergame.pdb
c:\users\86150\desktop\陈羿超作业\x64\debug\roleplayergame.tlog\cl.command.1.tlog
c:\users\86150\desktop\陈羿超作业\x64\debug\roleplayergame.tlog\cl.read.1.tlog
c:\users\86150\desktop\陈羿超作业\x64\debug\roleplayergame.tlog\cl.write.1.tlog
c:\users\86150\desktop\陈羿超作业\x64\debug\roleplayergame.tlog\link.command.1.tlog
c:\users\86150\desktop\陈羿超作业\x64\debug\roleplayergame.tlog\link.read.1.tlog
c:\users\86150\desktop\陈羿超作业\x64\debug\roleplayergame.tlog\link.write.1.tlog
